TrimmomaticPE: Started with arguments:
 -threads 1 -phred33 data/rawreads/SRR21284802_1.fastq data/rawreads/SRR21284802_2.fastq data/RNAtrimmed/paired/SRR21284802_1.fastq data/RNAtrimmed/unpaired/SRR21284802_1.fastq data/RNAtrimmed/paired/SRR21284802_2.fastq data/RNAtrimmed/unpaired/SRR21284802_2.fastq HEADCROP:0 ILLUMINACLIP:/shared/centos7/anaconda3/2021.11/envs/BINF-12-2021/pkgs/trimmomatic-0.39-hdfd78af_2/share/trimmomatic-0.39-2/adapters/TruSeq3-PE.fa:2:30:10 LEADING:20 TRAILING:20 SLIDINGWINDOW:4:30 MINLEN:36
Using PrefixPair: 'TACACTCTTTCCCTACACGACGCTCTTCCGATCT' and 'GTGACTGGAGTTCAGACGTGTGCTCTTCCGATCT'
ILLUMINACLIP: Using 1 prefix pairs, 0 forward/reverse sequences, 0 forward only sequences, 0 reverse only sequences
Input Read Pairs: 4759636 Both Surviving: 2112907 (44.39%) Forward Only Surviving: 1904822 (40.02%) Reverse Only Surviving: 156916 (3.30%) Dropped: 584991 (12.29%)
TrimmomaticPE: Completed successfully
TrimmomaticPE: Started with arguments:
 -threads 1 -phred33 data/rawreads/SRR21284803_1.fastq data/rawreads/SRR21284803_2.fastq data/RNAtrimmed/paired/SRR21284803_1.fastq data/RNAtrimmed/unpaired/SRR21284803_1.fastq data/RNAtrimmed/paired/SRR21284803_2.fastq data/RNAtrimmed/unpaired/SRR21284803_2.fastq HEADCROP:0 ILLUMINACLIP:/shared/centos7/anaconda3/2021.11/envs/BINF-12-2021/pkgs/trimmomatic-0.39-hdfd78af_2/share/trimmomatic-0.39-2/adapters/TruSeq3-PE.fa:2:30:10 LEADING:20 TRAILING:20 SLIDINGWINDOW:4:30 MINLEN:36
Using PrefixPair: 'TACACTCTTTCCCTACACGACGCTCTTCCGATCT' and 'GTGACTGGAGTTCAGACGTGTGCTCTTCCGATCT'
ILLUMINACLIP: Using 1 prefix pairs, 0 forward/reverse sequences, 0 forward only sequences, 0 reverse only sequences
Input Read Pairs: 3596875 Both Surviving: 1516366 (42.16%) Forward Only Surviving: 1467606 (40.80%) Reverse Only Surviving: 139819 (3.89%) Dropped: 473084 (13.15%)
TrimmomaticPE: Completed successfully
TrimmomaticPE: Started with arguments:
 -threads 1 -phred33 data/rawreads/SRR21284804_1.fastq data/rawreads/SRR21284804_2.fastq data/RNAtrimmed/paired/SRR21284804_1.fastq data/RNAtrimmed/unpaired/SRR21284804_1.fastq data/RNAtrimmed/paired/SRR21284804_2.fastq data/RNAtrimmed/unpaired/SRR21284804_2.fastq HEADCROP:0 ILLUMINACLIP:/shared/centos7/anaconda3/2021.11/envs/BINF-12-2021/pkgs/trimmomatic-0.39-hdfd78af_2/share/trimmomatic-0.39-2/adapters/TruSeq3-PE.fa:2:30:10 LEADING:20 TRAILING:20 SLIDINGWINDOW:4:30 MINLEN:36
Using PrefixPair: 'TACACTCTTTCCCTACACGACGCTCTTCCGATCT' and 'GTGACTGGAGTTCAGACGTGTGCTCTTCCGATCT'
ILLUMINACLIP: Using 1 prefix pairs, 0 forward/reverse sequences, 0 forward only sequences, 0 reverse only sequences
Input Read Pairs: 5374295 Both Surviving: 2306556 (42.92%) Forward Only Surviving: 2189699 (40.74%) Reverse Only Surviving: 189764 (3.53%) Dropped: 688276 (12.81%)
TrimmomaticPE: Completed successfully
TrimmomaticPE: Started with arguments:
 -threads 1 -phred33 data/rawreads/SRR21284805_1.fastq data/rawreads/SRR21284805_2.fastq data/RNAtrimmed/paired/SRR21284805_1.fastq data/RNAtrimmed/unpaired/SRR21284805_1.fastq data/RNAtrimmed/paired/SRR21284805_2.fastq data/RNAtrimmed/unpaired/SRR21284805_2.fastq HEADCROP:0 ILLUMINACLIP:/shared/centos7/anaconda3/2021.11/envs/BINF-12-2021/pkgs/trimmomatic-0.39-hdfd78af_2/share/trimmomatic-0.39-2/adapters/TruSeq3-PE.fa:2:30:10 LEADING:20 TRAILING:20 SLIDINGWINDOW:4:30 MINLEN:36
Using PrefixPair: 'TACACTCTTTCCCTACACGACGCTCTTCCGATCT' and 'GTGACTGGAGTTCAGACGTGTGCTCTTCCGATCT'
ILLUMINACLIP: Using 1 prefix pairs, 0 forward/reverse sequences, 0 forward only sequences, 0 reverse only sequences
Input Read Pairs: 7611425 Both Surviving: 3316270 (43.57%) Forward Only Surviving: 3125597 (41.06%) Reverse Only Surviving: 246682 (3.24%) Dropped: 922876 (12.12%)
TrimmomaticPE: Completed successfully
TrimmomaticPE: Started with arguments:
 -threads 1 -phred33 data/rawreads/SRR21284806_1.fastq data/rawreads/SRR21284806_2.fastq data/RNAtrimmed/paired/SRR21284806_1.fastq data/RNAtrimmed/unpaired/SRR21284806_1.fastq data/RNAtrimmed/paired/SRR21284806_2.fastq data/RNAtrimmed/unpaired/SRR21284806_2.fastq HEADCROP:0 ILLUMINACLIP:/shared/centos7/anaconda3/2021.11/envs/BINF-12-2021/pkgs/trimmomatic-0.39-hdfd78af_2/share/trimmomatic-0.39-2/adapters/TruSeq3-PE.fa:2:30:10 LEADING:20 TRAILING:20 SLIDINGWINDOW:4:30 MINLEN:36
Using PrefixPair: 'TACACTCTTTCCCTACACGACGCTCTTCCGATCT' and 'GTGACTGGAGTTCAGACGTGTGCTCTTCCGATCT'
ILLUMINACLIP: Using 1 prefix pairs, 0 forward/reverse sequences, 0 forward only sequences, 0 reverse only sequences
Input Read Pairs: 3526003 Both Surviving: 1533686 (43.50%) Forward Only Surviving: 1373465 (38.95%) Reverse Only Surviving: 149914 (4.25%) Dropped: 468938 (13.30%)
TrimmomaticPE: Completed successfully
TrimmomaticPE: Started with arguments:
 -threads 1 -phred33 data/rawreads/SRR21284807_1.fastq data/rawreads/SRR21284807_2.fastq data/RNAtrimmed/paired/SRR21284807_1.fastq data/RNAtrimmed/unpaired/SRR21284807_1.fastq data/RNAtrimmed/paired/SRR21284807_2.fastq data/RNAtrimmed/unpaired/SRR21284807_2.fastq HEADCROP:0 ILLUMINACLIP:/shared/centos7/anaconda3/2021.11/envs/BINF-12-2021/pkgs/trimmomatic-0.39-hdfd78af_2/share/trimmomatic-0.39-2/adapters/TruSeq3-PE.fa:2:30:10 LEADING:20 TRAILING:20 SLIDINGWINDOW:4:30 MINLEN:36
Using PrefixPair: 'TACACTCTTTCCCTACACGACGCTCTTCCGATCT' and 'GTGACTGGAGTTCAGACGTGTGCTCTTCCGATCT'
ILLUMINACLIP: Using 1 prefix pairs, 0 forward/reverse sequences, 0 forward only sequences, 0 reverse only sequences
Input Read Pairs: 5117003 Both Surviving: 2203927 (43.07%) Forward Only Surviving: 2182223 (42.65%) Reverse Only Surviving: 144981 (2.83%) Dropped: 585872 (11.45%)
TrimmomaticPE: Completed successfully
