-k flag not specified, so building main hash table with default 15-mers
-j flag not specified, so building regional hash tables with default 6-mers
Writing files under data
Not sorting chromosomes.  To sort chromosomes other ways, use the -s flag.
Creating files in directory data/ClostridioidesGmapDb
Running "/shared/centos7/gsnap/2021-12-17/bin/fa_coords"        -o "data/ClostridioidesGmapDb.coords" -f "data/ClostridioidesGmapDb.sources"
Running "/shared/centos7/gsnap/2021-12-17/bin/gmap_process"   -c "data/ClostridioidesGmapDb.coords" -f "data/ClostridioidesGmapDb.sources" | "/shared/centos7/gsnap/2021-12-17/bin/gmapindex"  -d ClostridioidesGmapDb -D "data/ClostridioidesGmapDb" -A -s none
Reading coordinates from file data/ClostridioidesGmapDb.coords
Logging contig NC_009089.1 at NC_009089.1:1..4290252 in genome ClostridioidesGmapDb
 => primary (linear) chromosome
Logging contig NC_008226.2 at NC_008226.2:1..7881 in genome ClostridioidesGmapDb
 => primary (linear) chromosome
Total genomic length = 4298133 bp
divsort == NO_SORT
Have a total of 2 chromosomes
Writing chromosome file data/ClostridioidesGmapDb/ClostridioidesGmapDb.chromosome
Chromosome NC_009089.1 has universal coordinates 1..4290252
Chromosome NC_008226.2 has universal coordinates 4290253..4298133
Writing chromosome IIT file data/ClostridioidesGmapDb/ClostridioidesGmapDb.chromosome.iit
Writing IIT file header information...coordinates require 4 bytes each...done
Processing null division/chromosome...sorting...writing...done (2 intervals)
Writing IIT file footer information...done
Writing IIT file header information...coordinates require 4 bytes each...done
Processing null division/chromosome...sorting...writing...done (2 intervals)
Writing IIT file footer information...done
Running "/shared/centos7/gsnap/2021-12-17/bin/gmap_process"   -c "data/ClostridioidesGmapDb.coords" -f "data/ClostridioidesGmapDb.sources" | "/shared/centos7/gsnap/2021-12-17/bin/gmapindex"  -d ClostridioidesGmapDb -D "data/ClostridioidesGmapDb" -G
Genome length is 4298133 nt
Trying to allocate 402953*4 bytes of memory...succeeded.  Building genome in memory.
Reading coordinates from file data/ClostridioidesGmapDb.coords
Writing contig NC_009089.1 to universal coordinates 1..4290252
Writing contig NC_008226.2 to universal coordinates 4290253..4298133
A total of 0 non-ACGTNX characters were seen in the genome.
Running cat "data/ClostridioidesGmapDb/ClostridioidesGmapDb.genomecomp" | "/shared/centos7/gsnap/2021-12-17/bin/gmapindex" -U > "data/ClostridioidesGmapDb/ClostridioidesGmapDb.genomebits128"
Running cat "data/ClostridioidesGmapDb/ClostridioidesGmapDb.genomecomp" | "/shared/centos7/gsnap/2021-12-17/bin/gmapindex" -k 15 -q 3  -D "data/ClostridioidesGmapDb" -d ClostridioidesGmapDb -N
Counting positions in genome ClostridioidesGmapDb (15 bp every 3 bp), position 0
Number of positions: 4298133 => normal-sized genome
Number of offsets: 1432703 => pages file not required
Running "/shared/centos7/gsnap/2021-12-17/bin/gmapindex" -k 15 -q 3  -D "data/ClostridioidesGmapDb" -d ClostridioidesGmapDb -O "data/ClostridioidesGmapDb/ClostridioidesGmapDb.genomecomp"
Offset compression types: bitpack64
Allocating 16777216*1 bytes for packsizes
Allocating 16777216*8 bytes for bitpacks
Indexing offsets of oligomers in genome ClostridioidesGmapDb (15 bp every 3 bp), position 0
Writing 1073741825 offsets compressed via bitpack64...done
Running "/shared/centos7/gsnap/2021-12-17/bin/gmapindex" -k 15 -q 3  -D "data/ClostridioidesGmapDb" -d ClostridioidesGmapDb -P "data/ClostridioidesGmapDb/ClostridioidesGmapDb.genomecomp"
Looking for genome ClostridioidesGmapDb in directory data/ClostridioidesGmapDb
Looking for index files in directory data/ClostridioidesGmapDb
  Pointers file is ClostridioidesGmapDb.ref153offsets64meta
  Offsets file is ClostridioidesGmapDb.ref153offsets64strm
  Positions file is ClostridioidesGmapDb.ref153positions
Expanding offsetsstrm into counters...done
Allocating 17131152 bytes for counterstrm
Trying to allocate 1432703*4 bytes of memory for positions...succeeded.  Building positions in memory.
Indexing positions of oligomers in genome ClostridioidesGmapDb (15 bp every 3 bp), position 0
Writing 1432703 genomic positions to file data/ClostridioidesGmapDb/ClostridioidesGmapDb.ref153positions ...
done
Running "/shared/centos7/gsnap/2021-12-17/bin/gmapindex" -j 6  -D "data/ClostridioidesGmapDb" -d ClostridioidesGmapDb -Q "data/ClostridioidesGmapDb/ClostridioidesGmapDb.genomecomp"
Writing regiondb
Indexing offsets/positions of oligomers in genome ClostridioidesGmapDb (6 bp every 1 bp), position 0
Done
